TN:
SF:src/app.ts
FN:25,(anonymous_14)
FN:25,(anonymous_15)
FNF:2
FNH:2
FNDA:1,(anonymous_14)
FNDA:1,(anonymous_15)
DA:1,5
DA:2,5
DA:3,5
DA:4,5
DA:6,5
DA:7,5
DA:8,5
DA:9,5
DA:10,5
DA:11,5
DA:13,5
DA:14,5
DA:15,5
DA:16,5
DA:20,5
DA:21,5
DA:22,5
DA:23,5
DA:25,5
DA:26,1
DA:29,5
DA:31,5
LF:22
LH:22
BRF:0
BRH:0
end_of_record
TN:
SF:src/errors/bad-request-error.ts
FN:3,(anonymous_6)
FN:6,BadRequestError
FN:13,(anonymous_8)
FNF:3
FNH:3
FNDA:5,(anonymous_6)
FNDA:3,BadRequestError
FNDA:3,(anonymous_8)
DA:1,5
DA:3,5
DA:4,3
DA:6,3
DA:7,3
DA:10,3
DA:13,5
DA:14,3
DA:18,5
LF:9
LH:9
BRDA:7,0,0,3
BRDA:7,0,1,0
BRF:2
BRH:1
end_of_record
TN:
SF:src/errors/custom-error.ts
FN:1,(anonymous_6)
FN:4,CustomError
FNF:2
FNH:2
FNDA:5,(anonymous_6)
FNDA:9,CustomError
DA:1,5
DA:5,9
DA:6,9
DA:13,5
LF:4
LH:4
BRDA:5,0,0,9
BRDA:5,0,1,0
BRF:2
BRH:1
end_of_record
TN:
SF:src/errors/not-authorized-error.ts
FN:3,(anonymous_6)
FN:6,NotAuthorizedError
FN:13,(anonymous_8)
FNF:3
FNH:3
FNDA:5,(anonymous_6)
FNDA:1,NotAuthorizedError
FNDA:1,(anonymous_8)
DA:1,5
DA:3,5
DA:4,1
DA:7,1
DA:10,1
DA:13,5
DA:14,1
DA:18,5
LF:8
LH:8
BRDA:7,0,0,1
BRDA:7,0,1,0
BRF:2
BRH:1
end_of_record
TN:
SF:src/errors/not-found-error.ts
FN:3,(anonymous_6)
FN:6,NotFoundError
FN:13,(anonymous_8)
FNF:3
FNH:3
FNDA:5,(anonymous_6)
FNDA:1,NotFoundError
FNDA:1,(anonymous_8)
DA:1,5
DA:3,5
DA:4,1
DA:7,1
DA:10,1
DA:13,5
DA:14,1
DA:18,5
LF:8
LH:8
BRDA:7,0,0,1
BRDA:7,0,1,0
BRF:2
BRH:1
end_of_record
TN:
SF:src/errors/request-validation-error.ts
FN:4,(anonymous_6)
FN:7,RequestValidationError
FN:14,(anonymous_8)
FN:15,(anonymous_9)
FNF:4
FNH:4
FNDA:5,(anonymous_6)
FNDA:4,RequestValidationError
FNDA:4,(anonymous_8)
FNDA:4,(anonymous_9)
DA:2,5
DA:4,5
DA:5,4
DA:7,4
DA:8,4
DA:11,4
DA:14,5
DA:15,4
DA:16,4
DA:19,5
LF:10
LH:10
BRDA:8,0,0,4
BRDA:8,0,1,0
BRF:2
BRH:1
end_of_record
TN:
SF:src/middlewares/current-user.ts
FN:17,(anonymous_1)
FNF:1
FNH:1
FNDA:2,(anonymous_1)
DA:2,5
DA:17,5
DA:18,2
DA:19,1
DA:22,1
DA:23,1
DA:24,1
DA:26,1
LF:8
LH:8
BRDA:18,0,0,1
BRDA:18,0,1,1
BRDA:18,1,0,0
BRDA:18,1,1,2
BRDA:18,2,0,2
BRDA:18,2,1,2
BRF:6
BRH:5
end_of_record
TN:
SF:src/middlewares/error-handler.ts
FN:4,(anonymous_0)
FNF:1
FNH:1
FNDA:9,(anonymous_0)
DA:2,5
DA:4,5
DA:5,9
DA:6,9
DA:9,0
LF:5
LH:4
BRDA:5,0,0,9
BRDA:5,0,1,0
BRF:2
BRH:1
end_of_record
TN:
SF:src/middlewares/require-auth.ts
FN:4,(anonymous_0)
FNF:1
FNH:1
FNDA:2,(anonymous_0)
DA:2,5
DA:4,5
DA:5,2
DA:6,1
DA:9,1
LF:5
LH:5
BRDA:5,0,0,1
BRDA:5,0,1,1
BRF:2
BRH:2
end_of_record
TN:
SF:src/middlewares/validate-request.ts
FN:5,(anonymous_0)
FNF:1
FNH:1
FNDA:15,(anonymous_0)
DA:2,5
DA:3,5
DA:5,5
DA:10,15
DA:12,15
DA:13,4
DA:16,11
LF:7
LH:7
BRDA:12,0,0,4
BRDA:12,0,1,11
BRF:2
BRH:2
end_of_record
TN:
SF:src/models/user.ts
FN:33,(anonymous_14)
FN:43,(anonymous_15)
FN:51,(anonymous_18)
FNF:3
FNH:3
FNDA:8,(anonymous_14)
FNDA:7,(anonymous_15)
FNDA:7,(anonymous_18)
DA:1,5
DA:2,5
DA:21,5
DA:34,8
DA:35,8
DA:36,8
DA:37,8
DA:43,5
DA:44,7
DA:45,7
DA:46,7
DA:48,7
DA:51,5
DA:52,7
DA:55,5
DA:57,5
LF:16
LH:16
BRDA:44,0,0,0
BRDA:44,0,1,7
BRF:2
BRH:1
end_of_record
TN:
SF:src/routes/currentuser.ts
FN:7,(anonymous_1)
FNF:1
FNH:1
FNDA:1,(anonymous_1)
DA:1,5
DA:2,5
DA:3,5
DA:5,5
DA:7,5
DA:8,1
DA:11,5
LF:7
LH:7
BRDA:8,0,0,1
BRDA:8,0,1,0
BRF:2
BRH:1
end_of_record
TN:
SF:src/routes/signin.ts
FN:21,(anonymous_14)
FN:21,(anonymous_15)
FNF:2
FNH:2
FNDA:3,(anonymous_14)
FNDA:3,(anonymous_15)
DA:1,5
DA:2,5
DA:3,5
DA:4,5
DA:5,5
DA:6,5
DA:7,5
DA:9,5
DA:11,5
DA:21,3
DA:22,3
DA:24,3
DA:26,3
DA:27,1
DA:30,2
DA:32,2
DA:33,1
DA:37,1
DA:45,1
DA:49,1
DA:52,5
LF:21
LH:21
BRDA:26,0,0,1
BRDA:26,0,1,2
BRDA:32,1,0,1
BRDA:32,1,1,1
BRF:4
BRH:4
end_of_record
TN:
SF:src/routes/signout.ts
FN:5,(anonymous_1)
FNF:1
FNH:1
FNDA:1,(anonymous_1)
DA:1,5
DA:3,5
DA:5,5
DA:6,1
DA:8,1
DA:11,5
LF:6
LH:6
BRF:0
BRH:0
end_of_record
TN:
SF:src/routes/signup.ts
FN:19,(anonymous_14)
FN:19,(anonymous_15)
FNF:2
FNH:2
FNDA:8,(anonymous_14)
FNDA:8,(anonymous_15)
DA:1,5
DA:2,5
DA:3,5
DA:4,5
DA:5,5
DA:6,5
DA:8,5
DA:10,5
DA:19,8
DA:20,8
DA:22,8
DA:24,8
DA:25,1
DA:28,7
DA:30,14
DA:33,7
DA:41,7
DA:45,7
DA:48,5
LF:19
LH:19
BRDA:24,0,0,1
BRDA:24,0,1,7
BRF:2
BRH:2
end_of_record
TN:
SF:src/utilities/password-utils.ts
FN:6,(anonymous_13)
FN:7,(anonymous_15)
FN:14,(anonymous_18)
FNF:3
FNH:3
FNDA:5,(anonymous_13)
FNDA:7,(anonymous_15)
FNDA:2,(anonymous_18)
DA:1,5
DA:2,5
DA:4,5
DA:6,5
DA:7,5
DA:8,7
DA:9,7
DA:11,7
DA:14,5
DA:15,2
DA:17,2
DA:19,2
DA:21,5
LF:13
LH:13
BRF:0
BRH:0
end_of_record
