TN:
SF:src/app.ts
FN:25,(anonymous_14)
FN:25,(anonymous_15)
FNF:2
FNH:0
FNDA:0,(anonymous_14)
FNDA:0,(anonymous_15)
DA:1,2
DA:2,2
DA:3,2
DA:4,2
DA:6,2
DA:7,2
DA:8,2
DA:9,2
DA:10,2
DA:11,2
DA:13,2
DA:14,2
DA:15,2
DA:16,2
DA:20,2
DA:21,2
DA:22,2
DA:23,2
DA:25,2
DA:26,0
DA:29,2
DA:31,2
LF:22
LH:21
BRF:0
BRH:0
end_of_record
TN:
SF:src/errors/bad-request-error.ts
FN:3,(anonymous_6)
FN:6,BadRequestError
FN:13,(anonymous_8)
FNF:3
FNH:3
FNDA:2,(anonymous_6)
FNDA:3,BadRequestError
FNDA:3,(anonymous_8)
DA:1,2
DA:3,2
DA:4,3
DA:6,3
DA:7,3
DA:10,3
DA:13,2
DA:14,3
DA:18,2
LF:9
LH:9
BRDA:7,0,0,3
BRDA:7,0,1,0
BRF:2
BRH:1
end_of_record
TN:
SF:src/errors/custom-error.ts
FN:1,(anonymous_6)
FN:4,CustomError
FNF:2
FNH:2
FNDA:2,(anonymous_6)
FNDA:7,CustomError
DA:1,2
DA:5,7
DA:6,7
DA:13,2
LF:4
LH:4
BRDA:5,0,0,7
BRDA:5,0,1,0
BRF:2
BRH:1
end_of_record
TN:
SF:src/errors/not-authorized-error.ts
FN:3,(anonymous_6)
FN:6,NotAuthorizedError
FN:13,(anonymous_8)
FNF:3
FNH:1
FNDA:2,(anonymous_6)
FNDA:0,NotAuthorizedError
FNDA:0,(anonymous_8)
DA:1,2
DA:3,2
DA:4,0
DA:7,0
DA:10,0
DA:13,2
DA:14,0
DA:18,2
LF:8
LH:4
BRDA:7,0,0,0
BRDA:7,0,1,0
BRF:2
BRH:0
end_of_record
TN:
SF:src/errors/not-found-error.ts
FN:3,(anonymous_6)
FN:6,NotFoundError
FN:13,(anonymous_8)
FNF:3
FNH:1
FNDA:2,(anonymous_6)
FNDA:0,NotFoundError
FNDA:0,(anonymous_8)
DA:1,2
DA:3,2
DA:4,0
DA:7,0
DA:10,0
DA:13,2
DA:14,0
DA:18,2
LF:8
LH:4
BRDA:7,0,0,0
BRDA:7,0,1,0
BRF:2
BRH:0
end_of_record
TN:
SF:src/errors/request-validation-error.ts
FN:4,(anonymous_6)
FN:7,RequestValidationError
FN:14,(anonymous_8)
FN:15,(anonymous_9)
FNF:4
FNH:4
FNDA:2,(anonymous_6)
FNDA:4,RequestValidationError
FNDA:4,(anonymous_8)
FNDA:4,(anonymous_9)
DA:2,2
DA:4,2
DA:5,4
DA:7,4
DA:8,4
DA:11,4
DA:14,2
DA:15,4
DA:16,4
DA:19,2
LF:10
LH:10
BRDA:8,0,0,4
BRDA:8,0,1,0
BRF:2
BRH:1
end_of_record
TN:
SF:src/middlewares/current-user.ts
FN:17,(anonymous_1)
FNF:1
FNH:0
FNDA:0,(anonymous_1)
DA:2,2
DA:17,2
DA:18,0
DA:19,0
DA:22,0
DA:23,0
DA:24,0
DA:26,0
LF:8
LH:2
BRDA:18,0,0,0
BRDA:18,0,1,0
BRDA:18,1,0,0
BRDA:18,1,1,0
BRDA:18,2,0,0
BRDA:18,2,1,0
BRF:6
BRH:0
end_of_record
TN:
SF:src/middlewares/error-handler.ts
FN:4,(anonymous_0)
FNF:1
FNH:1
FNDA:7,(anonymous_0)
DA:2,2
DA:4,2
DA:5,7
DA:6,7
DA:9,0
LF:5
LH:4
BRDA:5,0,0,7
BRDA:5,0,1,0
BRF:2
BRH:1
end_of_record
TN:
SF:src/middlewares/require-auth.ts
FN:4,(anonymous_0)
FNF:1
FNH:0
FNDA:0,(anonymous_0)
DA:2,2
DA:4,2
DA:5,0
DA:6,0
DA:9,0
LF:5
LH:2
BRDA:5,0,0,0
BRDA:5,0,1,0
BRF:2
BRH:0
end_of_record
TN:
SF:src/middlewares/validate-request.ts
FN:5,(anonymous_0)
FNF:1
FNH:1
FNDA:13,(anonymous_0)
DA:2,2
DA:3,2
DA:5,2
DA:10,13
DA:12,13
DA:13,4
DA:16,9
LF:7
LH:7
BRDA:12,0,0,4
BRDA:12,0,1,9
BRF:2
BRH:2
end_of_record
TN:
SF:src/models/user.ts
FN:33,(anonymous_14)
FN:43,(anonymous_15)
FN:51,(anonymous_18)
FNF:3
FNH:3
FNDA:6,(anonymous_14)
FNDA:5,(anonymous_15)
FNDA:5,(anonymous_18)
DA:1,2
DA:2,2
DA:21,2
DA:34,6
DA:35,6
DA:36,6
DA:37,6
DA:43,2
DA:44,5
DA:45,5
DA:46,5
DA:48,5
DA:51,2
DA:52,5
DA:55,2
DA:57,2
LF:16
LH:16
BRDA:44,0,0,0
BRDA:44,0,1,5
BRF:2
BRH:1
end_of_record
TN:
SF:src/routes/currentuser.ts
FN:7,(anonymous_1)
FNF:1
FNH:0
FNDA:0,(anonymous_1)
DA:1,2
DA:2,2
DA:3,2
DA:5,2
DA:7,2
DA:8,0
DA:11,2
LF:7
LH:6
BRDA:8,0,0,0
BRDA:8,0,1,0
BRF:2
BRH:0
end_of_record
TN:
SF:src/routes/signin.ts
FN:21,(anonymous_14)
FN:21,(anonymous_15)
FNF:2
FNH:2
FNDA:3,(anonymous_14)
FNDA:3,(anonymous_15)
DA:1,2
DA:2,2
DA:3,2
DA:4,2
DA:5,2
DA:6,2
DA:7,2
DA:9,2
DA:11,2
DA:21,3
DA:22,3
DA:24,3
DA:26,3
DA:27,1
DA:30,2
DA:32,2
DA:33,1
DA:37,1
DA:45,1
DA:49,1
DA:52,2
LF:21
LH:21
BRDA:26,0,0,1
BRDA:26,0,1,2
BRDA:32,1,0,1
BRDA:32,1,1,1
BRF:4
BRH:4
end_of_record
TN:
SF:src/routes/signout.ts
FN:5,(anonymous_1)
FNF:1
FNH:0
FNDA:0,(anonymous_1)
DA:1,2
DA:3,2
DA:5,2
DA:6,0
DA:8,0
DA:11,2
LF:6
LH:4
BRF:0
BRH:0
end_of_record
TN:
SF:src/routes/signup.ts
FN:19,(anonymous_14)
FN:19,(anonymous_15)
FNF:2
FNH:2
FNDA:6,(anonymous_14)
FNDA:6,(anonymous_15)
DA:1,2
DA:2,2
DA:3,2
DA:4,2
DA:5,2
DA:6,2
DA:8,2
DA:10,2
DA:19,6
DA:20,6
DA:22,6
DA:24,6
DA:25,1
DA:26,1
DA:29,5
DA:31,10
DA:34,5
DA:42,5
DA:46,5
DA:49,2
LF:20
LH:20
BRDA:24,0,0,1
BRDA:24,0,1,5
BRF:2
BRH:2
end_of_record
TN:
SF:src/utilities/password-utils.ts
FN:6,(anonymous_13)
FN:7,(anonymous_15)
FN:14,(anonymous_18)
FNF:3
FNH:3
FNDA:2,(anonymous_13)
FNDA:5,(anonymous_15)
FNDA:2,(anonymous_18)
DA:1,2
DA:2,2
DA:4,2
DA:6,2
DA:7,2
DA:8,5
DA:9,5
DA:11,5
DA:14,2
DA:15,2
DA:17,2
DA:19,2
DA:21,2
LF:13
LH:13
BRF:0
BRH:0
end_of_record
