{"/home/jpeterson/node_projects/ms-ticketing/orders/src/app.ts": {"path":"/home/jpeterson/node_projects/ms-ticketing/orders/src/app.ts","statementMap":{"0":{"start":{"line":1,"column":0},"end":{"line":1,"column":29}},"1":{"start":{"line":2,"column":0},"end":{"line":2,"column":29}},"2":{"start":{"line":3,"column":0},"end":{"line":3,"column":34}},"3":{"start":{"line":4,"column":0},"end":{"line":4,"column":42}},"4":{"start":{"line":5,"column":0},"end":{"line":5,"column":23}},"5":{"start":{"line":6,"column":0},"end":{"line":6,"column":84}},"6":{"start":{"line":7,"column":0},"end":{"line":7,"column":45}},"7":{"start":{"line":8,"column":0},"end":{"line":8,"column":46}},"8":{"start":{"line":9,"column":0},"end":{"line":9,"column":51}},"9":{"start":{"line":10,"column":0},"end":{"line":10,"column":48}},"10":{"start":{"line":13,"column":12},"end":{"line":13,"column":21}},"11":{"start":{"line":34,"column":9},"end":{"line":34,"column":12}},"12":{"start":{"line":14,"column":0},"end":{"line":14,"column":64}},"13":{"start":{"line":14,"column":30},"end":{"line":14,"column":37}},"14":{"start":{"line":15,"column":0},"end":{"line":15,"column":null}},"15":{"start":{"line":16,"column":0},"end":{"line":16,"column":null}},"16":{"start":{"line":17,"column":0},"end":{"line":20,"column":null}},"17":{"start":{"line":21,"column":0},"end":{"line":21,"column":null}},"18":{"start":{"line":23,"column":0},"end":{"line":23,"column":null}},"19":{"start":{"line":24,"column":0},"end":{"line":24,"column":null}},"20":{"start":{"line":25,"column":0},"end":{"line":25,"column":null}},"21":{"start":{"line":26,"column":0},"end":{"line":26,"column":null}},"22":{"start":{"line":28,"column":0},"end":{"line":30,"column":null}},"23":{"start":{"line":28,"column":28},"end":{"line":30,"column":2}},"24":{"start":{"line":29,"column":2},"end":{"line":29,"column":null}},"25":{"start":{"line":32,"column":0},"end":{"line":32,"column":null}}},"fnMap":{"0":{"name":"(anonymous_14)","decl":{"start":{"line":14,"column":8},"end":{"line":14,"column":9}},"loc":{"start":{"line":14,"column":23},"end":{"line":14,"column":39}}},"1":{"name":"(anonymous_15)","decl":{"start":{"line":28,"column":13},"end":{"line":28,"column":20}},"loc":{"start":{"line":28,"column":28},"end":{"line":30,"column":2}}},"2":{"name":"(anonymous_16)","decl":{"start":{"line":28,"column":28},"end":{"line":28,"column":null}},"loc":{"start":{"line":28,"column":28},"end":{"line":30,"column":2}}}},"branchMap":{},"s":{"0":3,"1":3,"2":3,"3":3,"4":3,"5":3,"6":3,"7":3,"8":3,"9":3,"10":3,"11":3,"12":3,"13":10,"14":3,"15":3,"16":3,"17":3,"18":3,"19":3,"20":3,"21":3,"22":3,"23":0,"24":0,"25":3},"f":{"0":10,"1":0,"2":0},"b":{}}
,"/home/jpeterson/node_projects/ms-ticketing/orders/src/models/order.ts": {"path":"/home/jpeterson/node_projects/ms-ticketing/orders/src/models/order.ts","statementMap":{"0":{"start":{"line":1,"column":0},"end":{"line":1,"column":31}},"1":{"start":{"line":2,"column":0},"end":{"line":2,"column":9}},"2":{"start":{"line":5,"column":9},"end":{"line":2,"column":55}},"3":{"start":{"line":29,"column":20},"end":{"line":55,"column":null}},"4":{"start":{"line":51,"column":8},"end":{"line":51,"column":null}},"5":{"start":{"line":52,"column":8},"end":{"line":52,"column":null}},"6":{"start":{"line":58,"column":0},"end":{"line":60,"column":null}},"7":{"start":{"line":59,"column":2},"end":{"line":59,"column":null}},"8":{"start":{"line":62,"column":14},"end":{"line":62,"column":72}},"9":{"start":{"line":64,"column":9},"end":{"line":64,"column":14}}},"fnMap":{"0":{"name":"(anonymous_1)","decl":{"start":{"line":5,"column":9},"end":{"line":5,"column":20}},"loc":{"start":{"line":5,"column":9},"end":{"line":2,"column":55}}},"1":{"name":"(anonymous_2)","decl":{"start":{"line":50,"column":15},"end":{"line":50,"column":16}},"loc":{"start":{"line":50,"column":24},"end":{"line":53,"column":7}}},"2":{"name":"(anonymous_3)","decl":{"start":{"line":58,"column":28},"end":{"line":58,"column":29}},"loc":{"start":{"line":58,"column":46},"end":{"line":60,"column":1}}}},"branchMap":{},"s":{"0":3,"1":3,"2":22,"3":3,"4":9,"5":9,"6":3,"7":6,"8":3,"9":3},"f":{"0":19,"1":9,"2":6},"b":{}}
,"/home/jpeterson/node_projects/ms-ticketing/orders/src/models/ticket.ts": {"path":"/home/jpeterson/node_projects/ms-ticketing/orders/src/models/ticket.ts","statementMap":{"0":{"start":{"line":1,"column":0},"end":{"line":1,"column":31}},"1":{"start":{"line":2,"column":0},"end":{"line":2,"column":44}},"2":{"start":{"line":19,"column":21},"end":{"line":36,"column":2}},"3":{"start":{"line":32,"column":6},"end":{"line":32,"column":null}},"4":{"start":{"line":33,"column":6},"end":{"line":33,"column":null}},"5":{"start":{"line":38,"column":0},"end":{"line":40,"column":null}},"6":{"start":{"line":39,"column":2},"end":{"line":39,"column":null}},"7":{"start":{"line":42,"column":0},"end":{"line":55,"column":null}},"8":{"start":{"line":47,"column":24},"end":{"line":52,"column":null}},"9":{"start":{"line":47,"column":8},"end":{"line":52,"column":null}},"10":{"start":{"line":54,"column":2},"end":{"line":54,"column":null}},"11":{"start":{"line":57,"column":15},"end":{"line":57,"column":77}},"12":{"start":{"line":59,"column":9},"end":{"line":59,"column":15}}},"fnMap":{"0":{"name":"(anonymous_14)","decl":{"start":{"line":31,"column":13},"end":{"line":31,"column":14}},"loc":{"start":{"line":31,"column":22},"end":{"line":34,"column":5}}},"1":{"name":"(anonymous_15)","decl":{"start":{"line":38,"column":29},"end":{"line":38,"column":30}},"loc":{"start":{"line":38,"column":48},"end":{"line":40,"column":1}}},"2":{"name":"(anonymous_16)","decl":{"start":{"line":42,"column":34},"end":{"line":42,"column":null}},"loc":{"start":{"line":42,"column":34},"end":{"line":55,"column":null}}}},"branchMap":{"0":{"loc":{"start":{"line":47,"column":24},"end":{"line":52,"column":null}},"type":"switch","locations":[{"start":{"line":47,"column":24},"end":{"line":52,"column":null}}]}},"s":{"0":3,"1":3,"2":3,"3":9,"4":9,"5":3,"6":6,"7":3,"8":6,"9":6,"10":6,"11":3,"12":3},"f":{"0":9,"1":6,"2":6},"b":{"0":[6]}}
,"/home/jpeterson/node_projects/ms-ticketing/orders/src/routes/delete.ts": {"path":"/home/jpeterson/node_projects/ms-ticketing/orders/src/routes/delete.ts","statementMap":{"0":{"start":{"line":1,"column":0},"end":{"line":1,"column":52}},"1":{"start":{"line":8,"column":15},"end":{"line":8,"column":31}},"2":{"start":{"line":41,"column":19},"end":{"line":41,"column":33}},"3":{"start":{"line":10,"column":0},"end":{"line":39,"column":null}},"4":{"start":{"line":10,"column":72},"end":{"line":39,"column":2}},"5":{"start":{"line":38,"column":2},"end":{"line":38,"column":null}}},"fnMap":{"0":{"name":"(anonymous_14)","decl":{"start":{"line":10,"column":38},"end":{"line":10,"column":45}},"loc":{"start":{"line":10,"column":72},"end":{"line":39,"column":2}}},"1":{"name":"(anonymous_15)","decl":{"start":{"line":10,"column":72},"end":{"line":10,"column":null}},"loc":{"start":{"line":10,"column":72},"end":{"line":39,"column":2}}}},"branchMap":{},"s":{"0":3,"1":3,"2":3,"3":3,"4":0,"5":0},"f":{"0":0,"1":0},"b":{}}
,"/home/jpeterson/node_projects/ms-ticketing/orders/src/routes/index.ts": {"path":"/home/jpeterson/node_projects/ms-ticketing/orders/src/routes/index.ts","statementMap":{"0":{"start":{"line":1,"column":0},"end":{"line":1,"column":52}},"1":{"start":{"line":2,"column":0},"end":{"line":2,"column":70}},"2":{"start":{"line":3,"column":0},"end":{"line":3,"column":39}},"3":{"start":{"line":5,"column":15},"end":{"line":5,"column":31}},"4":{"start":{"line":15,"column":19},"end":{"line":15,"column":37}},"5":{"start":{"line":7,"column":0},"end":{"line":13,"column":null}},"6":{"start":{"line":7,"column":73},"end":{"line":13,"column":2}},"7":{"start":{"line":8,"column":17},"end":{"line":10,"column":null}},"8":{"start":{"line":8,"column":8},"end":{"line":10,"column":null}},"9":{"start":{"line":12,"column":2},"end":{"line":12,"column":null}}},"fnMap":{"0":{"name":"(anonymous_14)","decl":{"start":{"line":7,"column":39},"end":{"line":7,"column":46}},"loc":{"start":{"line":7,"column":73},"end":{"line":13,"column":2}}},"1":{"name":"(anonymous_15)","decl":{"start":{"line":7,"column":73},"end":{"line":7,"column":null}},"loc":{"start":{"line":7,"column":73},"end":{"line":13,"column":2}}}},"branchMap":{"0":{"loc":{"start":{"line":8,"column":17},"end":{"line":10,"column":null}},"type":"switch","locations":[{"start":{"line":8,"column":17},"end":{"line":10,"column":null}}]}},"s":{"0":3,"1":3,"2":3,"3":3,"4":3,"5":3,"6":2,"7":2,"8":2,"9":2},"f":{"0":2,"1":2},"b":{"0":[2]}}
,"/home/jpeterson/node_projects/ms-ticketing/orders/src/routes/new.ts": {"path":"/home/jpeterson/node_projects/ms-ticketing/orders/src/routes/new.ts","statementMap":{"0":{"start":{"line":1,"column":0},"end":{"line":1,"column":31}},"1":{"start":{"line":2,"column":0},"end":{"line":2,"column":52}},"2":{"start":{"line":3,"column":0},"end":{"line":3,"column":117}},"3":{"start":{"line":4,"column":0},"end":{"line":4,"column":40}},"4":{"start":{"line":5,"column":0},"end":{"line":5,"column":41}},"5":{"start":{"line":6,"column":0},"end":{"line":6,"column":39}},"6":{"start":{"line":8,"column":15},"end":{"line":8,"column":31}},"7":{"start":{"line":57,"column":19},"end":{"line":57,"column":33}},"8":{"start":{"line":10,"column":34},"end":{"line":10,"column":41}},"9":{"start":{"line":12,"column":0},"end":{"line":55,"column":null}},"10":{"start":{"line":17,"column":31},"end":{"line":17,"column":70}},"11":{"start":{"line":20,"column":34},"end":{"line":55,"column":2}},"12":{"start":{"line":21,"column":10},"end":{"line":21,"column":23}},"13":{"start":{"line":23,"column":17},"end":{"line":23,"column":null}},"14":{"start":{"line":23,"column":8},"end":{"line":23,"column":null}},"15":{"start":{"line":25,"column":2},"end":{"line":27,"column":null}},"16":{"start":{"line":26,"column":4},"end":{"line":26,"column":null}},"17":{"start":{"line":30,"column":21},"end":{"line":30,"column":null}},"18":{"start":{"line":30,"column":8},"end":{"line":30,"column":null}},"19":{"start":{"line":32,"column":2},"end":{"line":34,"column":null}},"20":{"start":{"line":33,"column":4},"end":{"line":33,"column":null}},"21":{"start":{"line":37,"column":8},"end":{"line":37,"column":null}},"22":{"start":{"line":38,"column":2},"end":{"line":38,"column":null}},"23":{"start":{"line":41,"column":8},"end":{"line":46,"column":null}},"24":{"start":{"line":48,"column":2},"end":{"line":48,"column":null}},"25":{"start":{"line":50,"column":2},"end":{"line":50,"column":null}}},"fnMap":{"0":{"name":"(anonymous_14)","decl":{"start":{"line":17,"column":12},"end":{"line":17,"column":13}},"loc":{"start":{"line":17,"column":26},"end":{"line":17,"column":39}}},"1":{"name":"(anonymous_15)","decl":{"start":{"line":20,"column":0},"end":{"line":20,"column":7}},"loc":{"start":{"line":20,"column":34},"end":{"line":55,"column":2}}},"2":{"name":"(anonymous_16)","decl":{"start":{"line":20,"column":34},"end":{"line":20,"column":null}},"loc":{"start":{"line":20,"column":34},"end":{"line":55,"column":2}}}},"branchMap":{"0":{"loc":{"start":{"line":25,"column":2},"end":{"line":27,"column":null}},"type":"if","locations":[{"start":{"line":25,"column":2},"end":{"line":27,"column":null}}]},"1":{"loc":{"start":{"line":32,"column":2},"end":{"line":34,"column":null}},"type":"if","locations":[{"start":{"line":32,"column":2},"end":{"line":34,"column":null}}]}},"s":{"0":3,"1":3,"2":3,"3":3,"4":3,"5":3,"6":3,"7":3,"8":3,"9":3,"10":7,"11":7,"12":7,"13":7,"14":7,"15":7,"16":1,"17":6,"18":6,"19":6,"20":1,"21":5,"22":5,"23":5,"24":10,"25":5},"f":{"0":7,"1":7,"2":7},"b":{"0":[1],"1":[1]}}
,"/home/jpeterson/node_projects/ms-ticketing/orders/src/routes/show.ts": {"path":"/home/jpeterson/node_projects/ms-ticketing/orders/src/routes/show.ts","statementMap":{"0":{"start":{"line":1,"column":0},"end":{"line":1,"column":52}},"1":{"start":{"line":2,"column":0},"end":{"line":2,"column":90}},"2":{"start":{"line":3,"column":0},"end":{"line":3,"column":39}},"3":{"start":{"line":5,"column":15},"end":{"line":5,"column":31}},"4":{"start":{"line":20,"column":19},"end":{"line":20,"column":33}},"5":{"start":{"line":7,"column":0},"end":{"line":18,"column":null}},"6":{"start":{"line":7,"column":77},"end":{"line":18,"column":2}},"7":{"start":{"line":8,"column":16},"end":{"line":8,"column":null}},"8":{"start":{"line":8,"column":8},"end":{"line":8,"column":null}},"9":{"start":{"line":10,"column":2},"end":{"line":12,"column":null}},"10":{"start":{"line":11,"column":4},"end":{"line":11,"column":null}},"11":{"start":{"line":13,"column":2},"end":{"line":15,"column":null}},"12":{"start":{"line":14,"column":4},"end":{"line":14,"column":null}},"13":{"start":{"line":17,"column":2},"end":{"line":17,"column":null}}},"fnMap":{"0":{"name":"(anonymous_14)","decl":{"start":{"line":7,"column":43},"end":{"line":7,"column":50}},"loc":{"start":{"line":7,"column":77},"end":{"line":18,"column":2}}},"1":{"name":"(anonymous_15)","decl":{"start":{"line":7,"column":77},"end":{"line":7,"column":null}},"loc":{"start":{"line":7,"column":77},"end":{"line":18,"column":2}}}},"branchMap":{"0":{"loc":{"start":{"line":8,"column":16},"end":{"line":8,"column":null}},"type":"switch","locations":[{"start":{"line":8,"column":16},"end":{"line":8,"column":null}}]},"1":{"loc":{"start":{"line":10,"column":2},"end":{"line":12,"column":null}},"type":"if","locations":[{"start":{"line":10,"column":2},"end":{"line":12,"column":null}}]},"2":{"loc":{"start":{"line":13,"column":2},"end":{"line":15,"column":null}},"type":"if","locations":[{"start":{"line":13,"column":2},"end":{"line":15,"column":null}}]}},"s":{"0":3,"1":3,"2":3,"3":3,"4":3,"5":3,"6":1,"7":1,"8":1,"9":1,"10":0,"11":1,"12":0,"13":1},"f":{"0":1,"1":1},"b":{"0":[1],"1":[0],"2":[0]}}
}
