TN:
SF:src/app.ts
FN:14,(anonymous_14)
FN:28,(anonymous_15)
FN:28,(anonymous_16)
FNF:3
FNH:1
FNDA:10,(anonymous_14)
FNDA:0,(anonymous_15)
FNDA:0,(anonymous_16)
DA:1,3
DA:2,3
DA:3,3
DA:4,3
DA:5,3
DA:6,3
DA:7,3
DA:8,3
DA:9,3
DA:10,3
DA:13,3
DA:14,10
DA:15,3
DA:16,3
DA:17,3
DA:21,3
DA:23,3
DA:24,3
DA:25,3
DA:26,3
DA:28,3
DA:29,0
DA:32,3
DA:34,3
LF:24
LH:23
BRF:0
BRH:0
end_of_record
TN:
SF:src/models/order.ts
FN:5,(anonymous_1)
FN:50,(anonymous_2)
FN:58,(anonymous_3)
FNF:3
FNH:3
FNDA:19,(anonymous_1)
FNDA:9,(anonymous_2)
FNDA:6,(anonymous_3)
DA:1,3
DA:2,3
DA:5,22
DA:29,3
DA:51,9
DA:52,9
DA:58,3
DA:59,6
DA:62,3
DA:64,3
LF:10
LH:10
BRF:0
BRH:0
end_of_record
TN:
SF:src/models/ticket.ts
FN:31,(anonymous_14)
FN:38,(anonymous_15)
FN:42,(anonymous_16)
FNF:3
FNH:3
FNDA:9,(anonymous_14)
FNDA:6,(anonymous_15)
FNDA:6,(anonymous_16)
DA:1,3
DA:2,3
DA:19,3
DA:32,9
DA:33,9
DA:38,3
DA:39,6
DA:42,3
DA:47,6
DA:54,6
DA:57,3
DA:59,3
LF:12
LH:12
BRDA:47,0,0,6
BRF:1
BRH:1
end_of_record
TN:
SF:src/routes/delete.ts
FN:10,(anonymous_14)
FN:10,(anonymous_15)
FNF:2
FNH:0
FNDA:0,(anonymous_14)
FNDA:0,(anonymous_15)
DA:1,3
DA:8,3
DA:10,3
DA:38,0
DA:41,3
LF:5
LH:4
BRF:0
BRH:0
end_of_record
TN:
SF:src/routes/index.ts
FN:7,(anonymous_14)
FN:7,(anonymous_15)
FNF:2
FNH:2
FNDA:2,(anonymous_14)
FNDA:2,(anonymous_15)
DA:1,3
DA:2,3
DA:3,3
DA:5,3
DA:7,3
DA:8,2
DA:12,2
DA:15,3
LF:8
LH:8
BRDA:8,0,0,2
BRF:1
BRH:1
end_of_record
TN:
SF:src/routes/new.ts
FN:17,(anonymous_14)
FN:20,(anonymous_15)
FN:20,(anonymous_16)
FNF:3
FNH:3
FNDA:7,(anonymous_14)
FNDA:7,(anonymous_15)
FNDA:7,(anonymous_16)
DA:1,3
DA:2,3
DA:3,3
DA:4,3
DA:5,3
DA:6,3
DA:8,3
DA:10,3
DA:12,3
DA:17,7
DA:20,7
DA:21,7
DA:23,7
DA:25,7
DA:26,1
DA:30,6
DA:32,6
DA:33,1
DA:37,5
DA:38,5
DA:41,5
DA:48,10
DA:50,5
DA:57,3
LF:24
LH:24
BRDA:25,0,0,1
BRDA:32,1,0,1
BRF:2
BRH:2
end_of_record
TN:
SF:src/routes/show.ts
FN:7,(anonymous_14)
FN:7,(anonymous_15)
FNF:2
FNH:2
FNDA:1,(anonymous_14)
FNDA:1,(anonymous_15)
DA:1,3
DA:2,3
DA:3,3
DA:5,3
DA:7,3
DA:8,1
DA:10,1
DA:11,0
DA:13,1
DA:14,0
DA:17,1
DA:20,3
LF:12
LH:10
BRDA:8,0,0,1
BRDA:10,1,0,0
BRDA:13,2,0,0
BRF:3
BRH:1
end_of_record
