{"/home/jpeterson/node_projects/ms-ticketing/tickets/src/app.ts": {"path":"/home/jpeterson/node_projects/ms-ticketing/tickets/src/app.ts","statementMap":{"0":{"start":{"line":1,"column":0},"end":{"line":1,"column":29}},"1":{"start":{"line":2,"column":0},"end":{"line":2,"column":29}},"2":{"start":{"line":3,"column":0},"end":{"line":3,"column":34}},"3":{"start":{"line":4,"column":0},"end":{"line":4,"column":42}},"4":{"start":{"line":5,"column":0},"end":{"line":5,"column":23}},"5":{"start":{"line":6,"column":0},"end":{"line":6,"column":84}},"6":{"start":{"line":7,"column":0},"end":{"line":7,"column":49}},"7":{"start":{"line":8,"column":0},"end":{"line":8,"column":48}},"8":{"start":{"line":9,"column":0},"end":{"line":9,"column":49}},"9":{"start":{"line":10,"column":0},"end":{"line":10,"column":52}},"10":{"start":{"line":13,"column":12},"end":{"line":13,"column":21}},"11":{"start":{"line":34,"column":9},"end":{"line":34,"column":12}},"12":{"start":{"line":14,"column":0},"end":{"line":14,"column":64}},"13":{"start":{"line":14,"column":30},"end":{"line":14,"column":37}},"14":{"start":{"line":15,"column":0},"end":{"line":15,"column":null}},"15":{"start":{"line":16,"column":0},"end":{"line":16,"column":null}},"16":{"start":{"line":17,"column":0},"end":{"line":20,"column":null}},"17":{"start":{"line":21,"column":0},"end":{"line":21,"column":null}},"18":{"start":{"line":23,"column":0},"end":{"line":23,"column":null}},"19":{"start":{"line":24,"column":0},"end":{"line":24,"column":null}},"20":{"start":{"line":25,"column":0},"end":{"line":25,"column":null}},"21":{"start":{"line":26,"column":0},"end":{"line":26,"column":null}},"22":{"start":{"line":28,"column":0},"end":{"line":30,"column":null}},"23":{"start":{"line":28,"column":28},"end":{"line":30,"column":2}},"24":{"start":{"line":29,"column":2},"end":{"line":29,"column":null}},"25":{"start":{"line":32,"column":0},"end":{"line":32,"column":null}}},"fnMap":{"0":{"name":"(anonymous_14)","decl":{"start":{"line":14,"column":8},"end":{"line":14,"column":9}},"loc":{"start":{"line":14,"column":23},"end":{"line":14,"column":39}}},"1":{"name":"(anonymous_15)","decl":{"start":{"line":28,"column":13},"end":{"line":28,"column":20}},"loc":{"start":{"line":28,"column":28},"end":{"line":30,"column":2}}},"2":{"name":"(anonymous_16)","decl":{"start":{"line":28,"column":28},"end":{"line":28,"column":null}},"loc":{"start":{"line":28,"column":28},"end":{"line":30,"column":2}}}},"branchMap":{},"s":{"0":4,"1":4,"2":4,"3":4,"4":4,"5":4,"6":4,"7":4,"8":4,"9":4,"10":4,"11":4,"12":4,"13":28,"14":4,"15":4,"16":4,"17":4,"18":4,"19":4,"20":4,"21":4,"22":4,"23":0,"24":0,"25":4},"f":{"0":28,"1":0,"2":0},"b":{}}
,"/home/jpeterson/node_projects/ms-ticketing/tickets/src/events/publishers/ticket-created-publisher.ts": {"path":"/home/jpeterson/node_projects/ms-ticketing/tickets/src/events/publishers/ticket-created-publisher.ts","statementMap":{"0":{"start":{"line":1,"column":0},"end":{"line":1,"column":83}},"1":{"start":{"line":3,"column":0},"end":{"line":3,"column":73}},"2":{"start":{"line":3,"column":44},"end":{"line":3,"column":53}},"3":{"start":{"line":3,"column":0},"end":{"line":3,"column":13}},"4":{"start":{"line":4,"column":2},"end":{"line":4,"column":null}},"5":{"start":{"line":5,"column":0},"end":{"line":5,"column":null}},"6":{"start":{"line":3,"column":13},"end":{"line":3,"column":35}}},"fnMap":{"0":{"name":"(anonymous_6)","decl":{"start":{"line":3,"column":0},"end":{"line":3,"column":13}},"loc":{"start":{"line":3,"column":0},"end":{"line":5,"column":null}}}},"branchMap":{"0":{"loc":{"start":{"line":3,"column":0},"end":{"line":3,"column":13}},"type":"binary-expr","locations":[{"start":{"line":3,"column":0},"end":{"line":3,"column":13}},{"start":{"line":3,"column":0},"end":{"line":3,"column":13}},{"start":{"line":3,"column":0},"end":{"line":3,"column":13}}]}},"s":{"0":4,"1":4,"2":4,"3":10,"4":10,"5":4,"6":4},"f":{"0":14},"b":{"0":[10,10,10]}}
,"/home/jpeterson/node_projects/ms-ticketing/tickets/src/events/publishers/ticket-updated-publisher.ts": {"path":"/home/jpeterson/node_projects/ms-ticketing/tickets/src/events/publishers/ticket-updated-publisher.ts","statementMap":{"0":{"start":{"line":1,"column":0},"end":{"line":1,"column":83}},"1":{"start":{"line":3,"column":0},"end":{"line":3,"column":73}},"2":{"start":{"line":3,"column":44},"end":{"line":3,"column":53}},"3":{"start":{"line":3,"column":0},"end":{"line":3,"column":13}},"4":{"start":{"line":4,"column":2},"end":{"line":4,"column":null}},"5":{"start":{"line":5,"column":0},"end":{"line":5,"column":null}},"6":{"start":{"line":3,"column":13},"end":{"line":3,"column":35}}},"fnMap":{"0":{"name":"(anonymous_6)","decl":{"start":{"line":3,"column":0},"end":{"line":3,"column":13}},"loc":{"start":{"line":3,"column":0},"end":{"line":5,"column":null}}}},"branchMap":{"0":{"loc":{"start":{"line":3,"column":0},"end":{"line":3,"column":13}},"type":"binary-expr","locations":[{"start":{"line":3,"column":0},"end":{"line":3,"column":13}},{"start":{"line":3,"column":0},"end":{"line":3,"column":13}},{"start":{"line":3,"column":0},"end":{"line":3,"column":13}}]}},"s":{"0":4,"1":4,"2":4,"3":2,"4":2,"5":4,"6":4},"f":{"0":6},"b":{"0":[2,2,2]}}
,"/home/jpeterson/node_projects/ms-ticketing/tickets/src/models/ticket.ts": {"path":"/home/jpeterson/node_projects/ms-ticketing/tickets/src/models/ticket.ts","statementMap":{"0":{"start":{"line":1,"column":0},"end":{"line":1,"column":31}},"1":{"start":{"line":22,"column":21},"end":{"line":43,"column":null}},"2":{"start":{"line":39,"column":8},"end":{"line":39,"column":null}},"3":{"start":{"line":40,"column":8},"end":{"line":40,"column":null}},"4":{"start":{"line":46,"column":0},"end":{"line":48,"column":null}},"5":{"start":{"line":47,"column":2},"end":{"line":47,"column":null}},"6":{"start":{"line":50,"column":15},"end":{"line":50,"column":77}},"7":{"start":{"line":52,"column":9},"end":{"line":52,"column":15}}},"fnMap":{"0":{"name":"(anonymous_1)","decl":{"start":{"line":38,"column":15},"end":{"line":38,"column":16}},"loc":{"start":{"line":38,"column":24},"end":{"line":41,"column":7}}},"1":{"name":"(anonymous_2)","decl":{"start":{"line":46,"column":29},"end":{"line":46,"column":30}},"loc":{"start":{"line":46,"column":48},"end":{"line":48,"column":1}}}},"branchMap":{},"s":{"0":4,"1":4,"2":17,"3":17,"4":4,"5":10,"6":4,"7":4},"f":{"0":17,"1":10},"b":{}}
,"/home/jpeterson/node_projects/ms-ticketing/tickets/src/routes/index.ts": {"path":"/home/jpeterson/node_projects/ms-ticketing/tickets/src/routes/index.ts","statementMap":{"0":{"start":{"line":1,"column":0},"end":{"line":1,"column":52}},"1":{"start":{"line":2,"column":0},"end":{"line":2,"column":57}},"2":{"start":{"line":3,"column":0},"end":{"line":3,"column":41}},"3":{"start":{"line":5,"column":15},"end":{"line":5,"column":31}},"4":{"start":{"line":17,"column":19},"end":{"line":17,"column":35}},"5":{"start":{"line":7,"column":0},"end":{"line":15,"column":null}},"6":{"start":{"line":7,"column":61},"end":{"line":15,"column":2}},"7":{"start":{"line":8,"column":18},"end":{"line":8,"column":null}},"8":{"start":{"line":8,"column":8},"end":{"line":8,"column":null}},"9":{"start":{"line":10,"column":2},"end":{"line":12,"column":null}},"10":{"start":{"line":11,"column":4},"end":{"line":11,"column":null}},"11":{"start":{"line":14,"column":2},"end":{"line":14,"column":null}}},"fnMap":{"0":{"name":"(anonymous_14)","decl":{"start":{"line":7,"column":27},"end":{"line":7,"column":34}},"loc":{"start":{"line":7,"column":61},"end":{"line":15,"column":2}}},"1":{"name":"(anonymous_15)","decl":{"start":{"line":7,"column":61},"end":{"line":7,"column":null}},"loc":{"start":{"line":7,"column":61},"end":{"line":15,"column":2}}}},"branchMap":{"0":{"loc":{"start":{"line":8,"column":18},"end":{"line":8,"column":null}},"type":"switch","locations":[{"start":{"line":8,"column":18},"end":{"line":8,"column":null}}]},"1":{"loc":{"start":{"line":10,"column":2},"end":{"line":12,"column":null}},"type":"if","locations":[{"start":{"line":10,"column":2},"end":{"line":12,"column":null}}]}},"s":{"0":4,"1":4,"2":4,"3":4,"4":4,"5":4,"6":1,"7":1,"8":1,"9":1,"10":0,"11":1},"f":{"0":1,"1":1},"b":{"0":[1],"1":[0]}}
,"/home/jpeterson/node_projects/ms-ticketing/tickets/src/routes/new.ts": {"path":"/home/jpeterson/node_projects/ms-ticketing/tickets/src/routes/new.ts","statementMap":{"0":{"start":{"line":1,"column":0},"end":{"line":1,"column":52}},"1":{"start":{"line":2,"column":0},"end":{"line":2,"column":72}},"2":{"start":{"line":3,"column":0},"end":{"line":3,"column":40}},"3":{"start":{"line":4,"column":0},"end":{"line":4,"column":41}},"4":{"start":{"line":5,"column":0},"end":{"line":5,"column":86}},"5":{"start":{"line":6,"column":0},"end":{"line":6,"column":45}},"6":{"start":{"line":8,"column":15},"end":{"line":8,"column":31}},"7":{"start":{"line":39,"column":19},"end":{"line":39,"column":37}},"8":{"start":{"line":10,"column":0},"end":{"line":37,"column":null}},"9":{"start":{"line":18,"column":54},"end":{"line":37,"column":2}},"10":{"start":{"line":19,"column":8},"end":{"line":19,"column":27}},"11":{"start":{"line":21,"column":8},"end":{"line":25,"column":null}},"12":{"start":{"line":27,"column":2},"end":{"line":27,"column":null}},"13":{"start":{"line":29,"column":2},"end":{"line":34,"column":null}},"14":{"start":{"line":36,"column":2},"end":{"line":36,"column":null}}},"fnMap":{"0":{"name":"(anonymous_14)","decl":{"start":{"line":18,"column":20},"end":{"line":18,"column":27}},"loc":{"start":{"line":18,"column":54},"end":{"line":37,"column":2}}},"1":{"name":"(anonymous_15)","decl":{"start":{"line":18,"column":54},"end":{"line":18,"column":null}},"loc":{"start":{"line":18,"column":54},"end":{"line":37,"column":2}}}},"branchMap":{},"s":{"0":4,"1":4,"2":4,"3":4,"4":4,"5":4,"6":4,"7":4,"8":4,"9":10,"10":10,"11":10,"12":20,"13":10,"14":10},"f":{"0":10,"1":10},"b":{}}
,"/home/jpeterson/node_projects/ms-ticketing/tickets/src/routes/show.ts": {"path":"/home/jpeterson/node_projects/ms-ticketing/tickets/src/routes/show.ts","statementMap":{"0":{"start":{"line":1,"column":0},"end":{"line":1,"column":52}},"1":{"start":{"line":2,"column":0},"end":{"line":2,"column":57}},"2":{"start":{"line":3,"column":0},"end":{"line":3,"column":41}},"3":{"start":{"line":5,"column":15},"end":{"line":5,"column":31}},"4":{"start":{"line":17,"column":19},"end":{"line":17,"column":35}},"5":{"start":{"line":7,"column":0},"end":{"line":15,"column":null}},"6":{"start":{"line":7,"column":65},"end":{"line":15,"column":2}},"7":{"start":{"line":8,"column":17},"end":{"line":8,"column":null}},"8":{"start":{"line":8,"column":8},"end":{"line":8,"column":null}},"9":{"start":{"line":10,"column":2},"end":{"line":12,"column":null}},"10":{"start":{"line":11,"column":4},"end":{"line":11,"column":null}},"11":{"start":{"line":14,"column":2},"end":{"line":14,"column":null}}},"fnMap":{"0":{"name":"(anonymous_14)","decl":{"start":{"line":7,"column":31},"end":{"line":7,"column":38}},"loc":{"start":{"line":7,"column":65},"end":{"line":15,"column":2}}},"1":{"name":"(anonymous_15)","decl":{"start":{"line":7,"column":65},"end":{"line":7,"column":null}},"loc":{"start":{"line":7,"column":65},"end":{"line":15,"column":2}}}},"branchMap":{"0":{"loc":{"start":{"line":8,"column":17},"end":{"line":8,"column":null}},"type":"switch","locations":[{"start":{"line":8,"column":17},"end":{"line":8,"column":null}}]},"1":{"loc":{"start":{"line":10,"column":2},"end":{"line":12,"column":null}},"type":"if","locations":[{"start":{"line":10,"column":2},"end":{"line":12,"column":null}}]}},"s":{"0":4,"1":4,"2":4,"3":4,"4":4,"5":4,"6":3,"7":3,"8":3,"9":3,"10":1,"11":2},"f":{"0":3,"1":3},"b":{"0":[3],"1":[1]}}
,"/home/jpeterson/node_projects/ms-ticketing/tickets/src/routes/update.ts": {"path":"/home/jpeterson/node_projects/ms-ticketing/tickets/src/routes/update.ts","statementMap":{"0":{"start":{"line":1,"column":0},"end":{"line":1,"column":52}},"1":{"start":{"line":2,"column":0},"end":{"line":2,"column":107}},"2":{"start":{"line":3,"column":0},"end":{"line":3,"column":40}},"3":{"start":{"line":4,"column":0},"end":{"line":4,"column":41}},"4":{"start":{"line":5,"column":0},"end":{"line":5,"column":86}},"5":{"start":{"line":6,"column":0},"end":{"line":6,"column":45}},"6":{"start":{"line":8,"column":15},"end":{"line":8,"column":31}},"7":{"start":{"line":48,"column":19},"end":{"line":48,"column":37}},"8":{"start":{"line":10,"column":0},"end":{"line":46,"column":null}},"9":{"start":{"line":18,"column":54},"end":{"line":46,"column":2}},"10":{"start":{"line":19,"column":8},"end":{"line":19,"column":27}},"11":{"start":{"line":21,"column":17},"end":{"line":21,"column":null}},"12":{"start":{"line":21,"column":8},"end":{"line":21,"column":null}},"13":{"start":{"line":23,"column":2},"end":{"line":25,"column":null}},"14":{"start":{"line":24,"column":4},"end":{"line":24,"column":null}},"15":{"start":{"line":27,"column":2},"end":{"line":29,"column":null}},"16":{"start":{"line":28,"column":4},"end":{"line":28,"column":null}},"17":{"start":{"line":31,"column":2},"end":{"line":34,"column":null}},"18":{"start":{"line":36,"column":2},"end":{"line":36,"column":null}},"19":{"start":{"line":38,"column":2},"end":{"line":43,"column":null}},"20":{"start":{"line":45,"column":2},"end":{"line":45,"column":null}}},"fnMap":{"0":{"name":"(anonymous_14)","decl":{"start":{"line":18,"column":20},"end":{"line":18,"column":27}},"loc":{"start":{"line":18,"column":54},"end":{"line":46,"column":2}}},"1":{"name":"(anonymous_15)","decl":{"start":{"line":18,"column":54},"end":{"line":18,"column":null}},"loc":{"start":{"line":18,"column":54},"end":{"line":46,"column":2}}}},"branchMap":{"0":{"loc":{"start":{"line":23,"column":2},"end":{"line":25,"column":null}},"type":"if","locations":[{"start":{"line":23,"column":2},"end":{"line":25,"column":null}}]},"1":{"loc":{"start":{"line":27,"column":2},"end":{"line":29,"column":null}},"type":"if","locations":[{"start":{"line":27,"column":2},"end":{"line":29,"column":null}}]}},"s":{"0":4,"1":4,"2":4,"3":4,"4":4,"5":4,"6":4,"7":4,"8":4,"9":4,"10":4,"11":4,"12":4,"13":4,"14":1,"15":3,"16":1,"17":2,"18":4,"19":2,"20":2},"f":{"0":4,"1":4},"b":{"0":[1],"1":[1]}}
}
