TN:
SF:src/app.ts
FN:14,(anonymous_14)
FN:28,(anonymous_15)
FN:28,(anonymous_16)
FNF:3
FNH:1
FNDA:25,(anonymous_14)
FNDA:0,(anonymous_15)
FNDA:0,(anonymous_16)
DA:1,4
DA:2,4
DA:3,4
DA:4,4
DA:5,4
DA:6,4
DA:7,4
DA:8,4
DA:9,4
DA:10,4
DA:13,4
DA:14,25
DA:15,4
DA:16,4
DA:17,4
DA:21,4
DA:23,4
DA:24,4
DA:25,4
DA:26,4
DA:28,4
DA:29,0
DA:32,4
DA:34,4
LF:24
LH:23
BRF:0
BRH:0
end_of_record
TN:
SF:src/models/ticket.ts
FN:38,(anonymous_1)
FN:46,(anonymous_2)
FNF:2
FNH:2
FNDA:14,(anonymous_1)
FNDA:8,(anonymous_2)
DA:1,4
DA:22,4
DA:39,14
DA:40,14
DA:46,4
DA:47,8
DA:50,4
DA:52,4
LF:8
LH:8
BRF:0
BRH:0
end_of_record
TN:
SF:src/routes/index.ts
FN:7,(anonymous_14)
FN:7,(anonymous_15)
FNF:2
FNH:2
FNDA:1,(anonymous_14)
FNDA:1,(anonymous_15)
DA:1,4
DA:2,4
DA:3,4
DA:5,4
DA:7,4
DA:8,1
DA:10,1
DA:11,0
DA:14,1
DA:17,4
LF:10
LH:9
BRDA:8,0,0,1
BRDA:10,1,0,0
BRDA:10,1,1,1
BRF:3
BRH:2
end_of_record
TN:
SF:src/routes/new.ts
FN:16,(anonymous_14)
FN:16,(anonymous_15)
FNF:2
FNH:2
FNDA:8,(anonymous_14)
FNDA:8,(anonymous_15)
DA:1,4
DA:2,4
DA:3,4
DA:4,4
DA:6,4
DA:8,4
DA:16,8
DA:17,8
DA:19,8
DA:25,16
DA:27,8
DA:30,4
LF:12
LH:12
BRF:0
BRH:0
end_of_record
TN:
SF:src/routes/show.ts
FN:7,(anonymous_14)
FN:7,(anonymous_15)
FNF:2
FNH:2
FNDA:3,(anonymous_14)
FNDA:3,(anonymous_15)
DA:1,4
DA:2,4
DA:3,4
DA:5,4
DA:7,4
DA:8,3
DA:10,3
DA:11,1
DA:14,2
DA:17,4
LF:10
LH:10
BRDA:8,0,0,3
BRDA:10,1,0,1
BRDA:10,1,1,2
BRF:3
BRH:3
end_of_record
TN:
SF:src/routes/update.ts
FN:16,(anonymous_14)
FN:16,(anonymous_15)
FNF:2
FNH:2
FNDA:3,(anonymous_14)
FNDA:3,(anonymous_15)
DA:1,4
DA:2,4
DA:3,4
DA:4,4
DA:6,4
DA:8,4
DA:16,3
DA:17,3
DA:19,3
DA:21,3
DA:22,1
DA:25,2
DA:26,1
DA:29,1
DA:34,2
DA:36,1
DA:39,4
LF:17
LH:17
BRDA:21,0,0,1
BRDA:21,0,1,2
BRDA:25,1,0,1
BRDA:25,1,1,1
BRF:4
BRH:4
end_of_record
