TN:
SF:src/app.ts
FN:14,(anonymous_14)
FN:28,(anonymous_15)
FN:28,(anonymous_16)
FNF:3
FNH:1
FNDA:26,(anonymous_14)
FNDA:0,(anonymous_15)
FNDA:0,(anonymous_16)
DA:1,4
DA:2,4
DA:3,4
DA:4,4
DA:5,4
DA:6,4
DA:7,4
DA:8,4
DA:9,4
DA:10,4
DA:13,4
DA:14,26
DA:15,4
DA:16,4
DA:17,4
DA:21,4
DA:23,4
DA:24,4
DA:25,4
DA:26,4
DA:28,4
DA:29,0
DA:32,4
DA:34,4
LF:24
LH:23
BRF:0
BRH:0
end_of_record
TN:
SF:src/events/publishers/ticket-created-publisher.ts
FN:3,(anonymous_6)
FNF:1
FNH:1
FNDA:13,(anonymous_6)
DA:1,4
DA:3,9
DA:4,9
DA:5,4
LF:4
LH:4
BRDA:3,0,0,9
BRDA:3,0,1,9
BRDA:3,0,2,9
BRF:3
BRH:3
end_of_record
TN:
SF:src/events/publishers/ticket-updated-publisher.ts
FN:3,(anonymous_6)
FNF:1
FNH:1
FNDA:5,(anonymous_6)
DA:1,4
DA:3,4
DA:4,1
DA:5,4
LF:4
LH:4
BRDA:3,0,0,1
BRDA:3,0,1,1
BRDA:3,0,2,1
BRF:3
BRH:3
end_of_record
TN:
SF:src/models/ticket.ts
FN:38,(anonymous_1)
FN:46,(anonymous_2)
FNF:2
FNH:2
FNDA:15,(anonymous_1)
FNDA:9,(anonymous_2)
DA:1,4
DA:22,4
DA:39,15
DA:40,15
DA:46,4
DA:47,9
DA:50,4
DA:52,4
LF:8
LH:8
BRF:0
BRH:0
end_of_record
TN:
SF:src/routes/index.ts
FN:7,(anonymous_14)
FN:7,(anonymous_15)
FNF:2
FNH:2
FNDA:1,(anonymous_14)
FNDA:1,(anonymous_15)
DA:1,4
DA:2,4
DA:3,4
DA:5,4
DA:7,4
DA:8,1
DA:10,1
DA:11,0
DA:14,1
DA:17,4
LF:10
LH:9
BRDA:8,0,0,1
BRDA:10,1,0,0
BRF:2
BRH:1
end_of_record
TN:
SF:src/routes/new.ts
FN:18,(anonymous_14)
FN:18,(anonymous_15)
FNF:2
FNH:2
FNDA:9,(anonymous_14)
FNDA:9,(anonymous_15)
DA:1,4
DA:2,4
DA:3,4
DA:4,4
DA:5,4
DA:6,4
DA:8,4
DA:10,4
DA:18,9
DA:19,9
DA:21,9
DA:27,18
DA:29,9
DA:36,9
DA:39,4
LF:15
LH:15
BRF:0
BRH:0
end_of_record
TN:
SF:src/routes/show.ts
FN:7,(anonymous_14)
FN:7,(anonymous_15)
FNF:2
FNH:2
FNDA:3,(anonymous_14)
FNDA:3,(anonymous_15)
DA:1,4
DA:2,4
DA:3,4
DA:5,4
DA:7,4
DA:8,3
DA:10,3
DA:11,1
DA:14,2
DA:17,4
LF:10
LH:10
BRDA:8,0,0,3
BRDA:10,1,0,1
BRF:2
BRH:2
end_of_record
TN:
SF:src/routes/update.ts
FN:18,(anonymous_14)
FN:18,(anonymous_15)
FNF:2
FNH:2
FNDA:3,(anonymous_14)
FNDA:3,(anonymous_15)
DA:1,4
DA:2,4
DA:3,4
DA:4,4
DA:5,4
DA:6,4
DA:8,4
DA:10,4
DA:18,3
DA:19,3
DA:21,3
DA:23,3
DA:24,1
DA:27,2
DA:28,1
DA:31,1
DA:36,2
DA:38,1
DA:45,1
DA:48,4
LF:20
LH:20
BRDA:23,0,0,1
BRDA:27,1,0,1
BRF:2
BRH:2
end_of_record
